Write to TCP { data: '^0?EQ\r\n' }
Write to TCP { data: '^0!EQ\r\n' }
TCP Data { rawData: <Buffer 5e 30 21 45 51 0d>, toString: '^0!EQ\r' }
TCP Says ^0!EQ
TCP Says ^0!EQ
Write to TCP { data: '^0!GO\r\n' }
TCP Data { rawData: <Buffer 5e 30 21 47 4f 0d>, toString: '^0!GO\r' }
TCP Says ^0!GO
Write to TCP { data: '^0?RS\r\n' }
TCP Data {
  rawData: <Buffer 5e 30 3d 52 53 32 09 36 09 30 09 30 09 38 30 09 30 0d>,
  toString: '^0=RS2\t6\t0\t0\t80\t0\r'
}
TCP Says ^0=RS2 6       0       0       80      0
Write to TCP { data: '^0=CC0\t0\t0\r\n' }
TCP Data {
  rawData: <Buffer 5e 30 3d 43 43 30 09 30 09 30 0d>,
  toString: '^0=CC0\t0\t0\r'
}
TCP Says ^0=CC0 0       0
Write to TCP { data: '^0!FF\r\n' }
TCP Data { rawData: <Buffer 5e 30 21 46 46 0d>, toString: '^0!FF\r' }
TCP Says ^0!FF
Write to TCP { data: '^0!EM\r\n' }
TCP Data { rawData: <Buffer 5e 30 21 45 4d 0d>, toString: '^0!EM\r' }
TCP Says ^0!EM
Write to TCP { data: '^0?SM\r\n' }
TCP Data {
  rawData: <Buffer 5e 30 3d 53 4d 32 35 36 09 30 09 33 09 30 09 31 09 32 31 0d>,
  toString: '^0=SM256\t0\t3\t0\t1\t21\r'
}
TCP Says ^0=SM256       0       3       0       1       21
Write to TCP { data: '^0?RS\r\n' }
TCP Data {
  rawData: <Buffer 5e 30 3d 52 53 34 09 34 09 30 09 30 09 38 30 09 31 0d>,
  toString: '^0=RS4\t4\t0\t0\t80\t1\r'
}
TCP Says ^0=RS4 4       0       0       80      1
Write to TCP { data: '^0=CC0\t0\t0\r\n' }
TCP Data {
  rawData: <Buffer 5e 30 3d 43 43 30 09 30 09 30 0d>,
  toString: '^0=CC0\t0\t0\r'
}
TCP Says ^0=CC0 0       0
Write to TCP { data: '^0?RS\r\n' }
TCP Data {
  rawData: <Buffer 5e 30 3d 52 53 34 09 34 09 30 09 30 09 38 30 09 30 0d>,
  toString: '^0=RS4\t4\t0\t0\t80\t0\r'
}
TCP Says ^0=RS4 4       0       0       80      0
Write to TCP { data: '^0!NO\r\n' }
TCP Data { rawData: <Buffer 5e 30 21 4e 4f 0d>, toString: '^0!NO\r' }
TCP Says ^0!NO
Write to TCP { data: '^0?RS\r\n' }
TCP Data {
  rawData: <Buffer 5e 30 3d 52 53 31 09 34 09 30 09 30 09 38 30 09 30 0d>,
  toString: '^0=RS1\t4\t0\t0\t80\t0\r'
}
TCP Says ^0=RS1 4       0       0       80      0
Write to TCP { data: '^0?RS\r\n' }
TCP Data {
  rawData: <Buffer 5e 30 3d 52 53 32 09 35 09 30 09 30 09 38 30 09 30 0d>,
  toString: '^0=RS2\t5\t0\t0\t80\t0\r'
}
TCP Says ^0=RS2 5       0       0       80      0
Write to TCP { data: '^0!GO\r\n' }
TCP Data { rawData: <Buffer 5e 30 21 47 4f 0d>, toString: '^0!GO\r' }
TCP Says ^0!GO
Write to TCP { data: '^0!FF\r\n' }
TCP Data { rawData: <Buffer 5e 30 21 46 46 0d>, toString: '^0!FF\r' }
TCP Says ^0!FF
Write to TCP { data: '^0!EM\r\n' }
TCP Data { rawData: <Buffer 5e 30 21 45 4d 0d>, toString: '^0!EM\r' }
TCP Says ^0!EM
Write to TCP { data: '^0?SM\r\n' }
TCP Data {
  rawData: <Buffer 5e 30 3d 53 4d 32 35 36 09 30 09 33 09 30 09 31 09 30 0d>,
  toString: '^0=SM256\t0\t3\t0\t1\t0\r'
}
TCP Says ^0=SM256       0       3       0       1       0
Write to TCP { data: '^0=MR4\tKENKENKEN4\r\n' }
TCP Data {
  rawData: <Buffer 5e 30 3d 4d 52 34 09 4b 45 4e 4b 45 4e 4b 45 4e 34 0d>,
  toString: '^0=MR4\tKENKENKEN4\r'
}
TCP Says ^0=MR4 KENKENKEN4
Write to TCP { data: '^0?SM\r\n' }
TCP Data {
  rawData: <Buffer 5e 30 3d 53 4d 32 35 36 09 30 09 33 09 30 09 31 09 30 0d>,
  toString: '^0=SM256\t0\t3\t0\t1\t0\r'
}
TCP Says ^0=SM256       0       3       0       1       0
Write to TCP { data: '^0=MR5\tKENKENKEN5\r\n' }
TCP Data {
  rawData: <Buffer 5e 30 3d 4d 52 35 09 4b 45 4e 4b 45 4e 4b 45 4e 35 0d>,
  toString: '^0=MR5\tKENKENKEN5\r'
}
TCP Says ^0=MR5 KENKENKEN5
Write to TCP { data: '^0?SM\r\n' }
TCP Data {
  rawData: <Buffer 5e 30 3d 53 4d 32 35 36 09 31 09 33 09 30 09 31 09 30 0d>,
  toString: '^0=SM256\t1\t3\t0\t1\t0\r'
}
TCP Says ^0=SM256       1       3       0       1       0
Write to TCP { data: '^0=MR6\tKENKENKEN6\r\n' }
TCP Data {
  rawData: <Buffer 5e 30 3d 4d 52 36 09 4b 45 4e 4b 45 4e 4b 45 4e 36 0d>,
  toString: '^0=MR6\tKENKENKEN6\r'
}
TCP Says ^0=MR6 KENKENKEN6
Write to TCP { data: '^0?SM\r\n' }
TCP Data {
  rawData: <Buffer 5e 30 3d 53 4d 32 35 36 09 32 09 33 09 30 09 31 09 30 0d>,
  toString: '^0=SM256\t2\t3\t0\t1\t0\r'
}
TCP Says ^0=SM256       2       3       0       1       0
Write to TCP { data: '^0!EQ\r\n' }
TCP Data { rawData: <Buffer 5e 30 21 45 51 0d>, toString: '^0!EQ\r' }
TCP Says ^0!EQ
Write to TCP { data: '^0!GO\r\n' }
TCP Data { rawData: <Buffer 5e 30 21 47 4f 0d>, toString: '^0!GO\r' }
TCP Says ^0!GO
Write to TCP { data: '^0?SM\r\n' }
TCP Data {
  rawData: <Buffer 5e 30 3d 53 4d 32 35 36 09 30 09 36 09 30 09 31 09 34 0d>,
  toString: '^0=SM256\t0\t6\t0\t1\t4\r'
}
TCP Says ^0=SM256       0       6       0       1       4
Write to TCP { data: '^0!EQ\r\n' }
TCP Data { rawData: <Buffer 5e 30 21 45 51 0d>, toString: '^0!EQ\r' }
TCP Says ^0!EQ





